<?xml version="1.0" encoding="UTF-8"?>
<!-- Generated by org.testng.reporters.JUnitXMLReporter -->
<testsuite ignored="0" hostname="LAPTOP-B5JQ64EC" failures="0" tests="6" name="Default test" time="107.991" errors="0" timestamp="2023-01-22T16:40:43 EET">
  <testcase classname="QPros_Blazedemo.QPros_Blazedemo.Tests" name="Register" time="9.43"/>
  <testcase classname="QPros_Blazedemo.QPros_Blazedemo.Tests" name="Login" time="12.274"/>
  <testcase classname="QPros_Blazedemo.QPros_Blazedemo.Tests" name="Categories" time="15.359"/>
  <testcase classname="QPros_Blazedemo.QPros_Blazedemo.Tests" name="AddItems" time="12.847"/>
  <testcase classname="QPros_Blazedemo.QPros_Blazedemo.Tests" name="RemoveItemsFromCart" time="13.177"/>
  <testcase classname="QPros_Blazedemo.QPros_Blazedemo.Tests" name="CompleteCheckOut" time="40.828"/>
</testsuite> <!-- Default test -->
